{
  "RSpec": {
    "coverage": {
      "/Users/snoodle/turing/1m/projects/battleship/lib/ship.rb": {
        "lines": [
          1,
          1,
          null,
          1,
          73,
          73,
          73,
          null,
          null,
          1,
          11,
          null,
          null,
          1,
          14,
          null,
          null,
          1,
          6,
          2,
          4,
          4,
          null,
          null,
          null
        ]
      },
      "/Users/snoodle/turing/1m/projects/battleship/lib/cell.rb": {
        "lines": [
          1,
          1,
          null,
          null,
          1,
          478,
          478,
          478,
          null,
          null,
          1,
          192,
          null,
          null,
          1,
          31,
          null,
          null,
          1,
          8,
          7,
          null,
          8,
          null,
          null,
          1,
          119,
          null,
          null,
          1,
          102,
          95,
          6,
          89,
          26,
          63,
          63,
          null,
          7,
          1,
          6,
          6,
          3,
          null,
          3,
          null,
          null,
          null,
          null
        ]
      },
      "/Users/snoodle/turing/1m/projects/battleship/lib/board.rb": {
        "lines": [
          1,
          null,
          1,
          1,
          null,
          1,
          null,
          28,
          null,
          null,
          null,
          null,
          null,
          null,
          null,
          null,
          null,
          null,
          null,
          null,
          null,
          null,
          null,
          null,
          null,
          null,
          1,
          34,
          null,
          null,
          1,
          5,
          null,
          null,
          1,
          34,
          34,
          34,
          34,
          80,
          null,
          34,
          null,
          null,
          1,
          94,
          94,
          94,
          94,
          225,
          null,
          94,
          null,
          null,
          1,
          124,
          321,
          null,
          null,
          null,
          1,
          47,
          126,
          null,
          null,
          null,
          1,
          46,
          null,
          null,
          1,
          172,
          449,
          null,
          null,
          null,
          1,
          16,
          null,
          null,
          null,
          1,
          42,
          null,
          null,
          1,
          51,
          null,
          null,
          1,
          120,
          null,
          null,
          1,
          46,
          46,
          118,
          null,
          45,
          null,
          null,
          1,
          50,
          5,
          45,
          13,
          null,
          31,
          null,
          null,
          null,
          1,
          9,
          9,
          25,
          null,
          null,
          null,
          null,
          1,
          6,
          96,
          null,
          6,
          6,
          6,
          24,
          null,
          6,
          null,
          null
        ]
      },
      "/Users/snoodle/turing/1m/projects/battleship/lib/game.rb": {
        "lines": [
          1,
          1,
          null,
          1,
          1,
          null,
          1,
          2,
          2,
          2,
          2,
          2,
          2,
          2,
          null,
          null,
          1,
          0,
          0,
          0,
          0,
          0,
          null,
          null,
          null,
          null,
          null,
          null,
          1,
          1,
          19,
          33,
          33,
          2,
          2,
          null,
          null,
          null,
          null,
          null,
          1,
          0,
          0,
          0,
          null,
          0,
          0,
          0,
          null,
          null,
          0,
          null,
          null,
          1,
          0,
          0,
          null,
          null,
          1,
          null,
          0,
          null,
          0,
          null,
          0,
          null,
          null,
          null,
          null,
          null,
          null,
          null,
          null,
          null
        ]
      },
      "/Users/snoodle/turing/1m/projects/battleship/lib/player.rb": {
        "lines": [
          1,
          1,
          null,
          1,
          null,
          1,
          null,
          1,
          3,
          3,
          3,
          3,
          null,
          null,
          null,
          null,
          null,
          null,
          null,
          null,
          null,
          null,
          null,
          null,
          1,
          0,
          null,
          0,
          null,
          0,
          0,
          0,
          0,
          0,
          null,
          0,
          0,
          null,
          0,
          0,
          0,
          0,
          0,
          null,
          0,
          0,
          null,
          null
        ]
      },
      "/Users/snoodle/turing/1m/projects/battleship/spec/cell_spec.rb": {
        "lines": [
          1,
          null,
          1,
          1,
          10,
          10,
          10,
          10,
          null,
          null,
          1,
          1,
          null,
          1,
          null,
          null,
          1,
          1,
          null,
          1,
          null,
          null,
          1,
          1,
          null,
          1,
          null,
          1,
          null,
          null,
          1,
          1,
          null,
          1,
          null,
          1,
          null,
          1,
          1,
          null,
          null,
          1,
          1,
          null,
          null,
          1,
          1,
          null,
          1,
          null,
          null,
          1,
          1,
          null,
          1,
          null,
          null,
          1,
          1,
          null,
          1,
          null,
          null,
          1,
          1,
          1,
          null,
          1,
          1,
          null,
          null,
          1,
          1,
          1,
          1,
          null,
          1,
          1,
          1,
          1,
          null,
          null
        ]
      },
      "/Users/snoodle/turing/1m/projects/battleship/spec/game_spec.rb": {
        "lines": [
          1,
          null,
          1,
          null,
          1,
          2,
          null,
          null,
          1,
          1,
          1,
          null,
          null,
          1,
          1,
          1,
          null,
          null,
          null,
          null,
          null,
          null,
          null,
          null,
          null,
          null,
          null
        ]
      },
      "/Users/snoodle/turing/1m/projects/battleship/spec/player_spec.rb": {
        "lines": [
          1,
          null,
          1,
          1,
          3,
          null,
          null,
          1,
          1,
          1,
          null,
          null,
          1,
          1,
          1,
          null,
          null,
          1,
          1,
          1,
          0,
          null,
          null,
          null
        ]
      },
      "/Users/snoodle/turing/1m/projects/battleship/spec/ship_spec.rb": {
        "lines": [
          1,
          null,
          1,
          1,
          7,
          null,
          null,
          1,
          1,
          1,
          null,
          null,
          1,
          1,
          null,
          null,
          1,
          1,
          null,
          null,
          1,
          1,
          null,
          null,
          1,
          1,
          null,
          null,
          1,
          1,
          1,
          null,
          1,
          1,
          null,
          null,
          1,
          1,
          1,
          1,
          1,
          1,
          1,
          null,
          null,
          null
        ]
      }
    },
    "timestamp": 1626835913
  }
}
