{
  "RSpec": {
    "coverage": {
      "/Users/erikakischuk/turing/mod1/projects_mod1/battleship/lib/ship.rb": {
        "lines": [
          1,
          1,
          null,
          1,
          60,
          60,
          60,
          null,
          null,
          1,
          9,
          null,
          null,
          1,
          10,
          null,
          null,
          1,
          3,
          1,
          2,
          2,
          null,
          null,
          null
        ]
      },
      "/Users/erikakischuk/turing/mod1/projects_mod1/battleship/lib/cell.rb": {
        "lines": [
          1,
          1,
          null,
          null,
          1,
          430,
          430,
          430,
          null,
          null,
          1,
          166,
          null,
          null,
          1,
          31,
          null,
          null,
          1,
          9,
          8,
          null,
          9,
          null,
          null,
          1,
          156,
          null,
          null,
          1,
          134,
          125,
          10,
          115,
          37,
          78,
          78,
          null,
          9,
          1,
          8,
          8,
          3,
          null,
          5,
          null,
          null,
          null,
          null
        ]
      },
      "/Users/erikakischuk/turing/mod1/projects_mod1/battleship/lib/board.rb": {
        "lines": [
          1,
          null,
          1,
          1,
          null,
          1,
          null,
          25,
          null,
          null,
          null,
          null,
          null,
          null,
          null,
          null,
          null,
          null,
          null,
          null,
          null,
          null,
          null,
          null,
          null,
          null,
          1,
          5,
          null,
          null,
          1,
          8,
          null,
          null,
          1,
          33,
          33,
          33,
          33,
          77,
          null,
          33,
          null,
          null,
          1,
          48,
          48,
          48,
          48,
          116,
          null,
          48,
          null,
          null,
          1,
          57,
          144,
          null,
          null,
          null,
          1,
          48,
          128,
          null,
          null,
          null,
          1,
          25,
          null,
          null,
          1,
          106,
          274,
          null,
          null,
          null,
          1,
          18,
          null,
          null,
          null,
          1,
          21,
          null,
          null,
          1,
          26,
          null,
          null,
          1,
          63,
          null,
          null,
          1,
          24,
          24,
          61,
          null,
          24,
          null,
          null,
          1,
          25,
          2,
          23,
          13,
          null,
          10,
          null,
          null,
          null,
          1,
          9,
          9,
          25,
          null,
          null,
          null,
          null,
          1,
          8,
          128,
          null,
          8,
          8,
          8,
          32,
          null,
          8,
          null,
          null
        ]
      },
      "/Users/erikakischuk/turing/mod1/projects_mod1/battleship/lib/game.rb": {
        "lines": [
          null,
          1,
          1,
          null,
          1,
          1,
          null,
          1,
          2,
          2,
          2,
          2,
          2,
          2,
          2,
          null,
          null,
          1,
          0,
          0,
          0,
          0,
          0,
          null,
          null,
          null,
          null,
          null,
          null,
          1,
          1,
          3,
          4,
          4,
          2,
          2,
          null,
          null,
          null,
          null,
          null,
          1,
          1,
          1,
          1,
          null,
          1,
          1,
          1,
          null,
          null,
          1,
          null,
          null,
          1,
          0,
          0,
          null,
          null,
          1,
          null,
          0,
          null,
          0,
          null,
          0,
          null,
          null,
          null,
          null,
          null,
          null,
          null,
          null,
          null,
          null,
          null,
          null,
          null,
          null,
          null,
          null,
          null,
          null,
          null,
          null,
          null,
          null,
          null,
          null,
          null,
          null,
          null,
          null,
          null,
          null,
          null,
          null,
          null,
          null,
          null,
          null,
          null,
          null,
          null,
          null,
          null,
          null,
          null,
          null,
          null,
          null,
          null,
          null,
          null,
          null,
          null,
          null,
          null,
          null,
          null,
          null,
          null,
          null,
          null,
          null
        ]
      },
      "/Users/erikakischuk/turing/mod1/projects_mod1/battleship/spec/cell_spec.rb": {
        "lines": [
          1,
          null,
          1,
          1,
          10,
          10,
          10,
          10,
          null,
          null,
          1,
          1,
          null,
          1,
          null,
          null,
          1,
          1,
          null,
          1,
          null,
          null,
          1,
          1,
          null,
          1,
          null,
          1,
          null,
          null,
          1,
          1,
          null,
          1,
          null,
          1,
          null,
          1,
          1,
          null,
          null,
          1,
          1,
          null,
          null,
          1,
          1,
          null,
          1,
          null,
          null,
          1,
          1,
          null,
          1,
          null,
          null,
          1,
          1,
          null,
          1,
          null,
          null,
          1,
          1,
          1,
          null,
          1,
          1,
          null,
          null,
          1,
          1,
          1,
          1,
          null,
          1,
          1,
          1,
          1,
          null,
          null
        ]
      },
      "/Users/erikakischuk/turing/mod1/projects_mod1/battleship/spec/game_spec.rb": {
        "lines": [
          1,
          null,
          1,
          null,
          1,
          2,
          null,
          null,
          1,
          1,
          1,
          null,
          null,
          1,
          1,
          1,
          0,
          null,
          null,
          null,
          null,
          null,
          null,
          null,
          null,
          null,
          null,
          null
        ]
      },
      "/Users/erikakischuk/turing/mod1/projects_mod1/battleship/spec/ship_spec.rb": {
        "lines": [
          1,
          null,
          1,
          1,
          0,
          null,
          null,
          1,
          1,
          0,
          null,
          null,
          1,
          0,
          null,
          null,
          1,
          0,
          null,
          null,
          1,
          0,
          null,
          null,
          1,
          0,
          null,
          null,
          1,
          0,
          0,
          null,
          0,
          0,
          null,
          null,
          1,
          0,
          0,
          0,
          0,
          0,
          0,
          null,
          null,
          null
        ]
      }
    },
    "timestamp": 1626827551
  }
}
